[0.000][INFO]:      ChromeDriver 26.0.1383.0 /usr/bin/chromedriver
[0.211][FINE]:      Initializing session with capabilities {
   "browserName": "chrome",
   "chrome.detach": true,
   "chromeOptions": {
      "detach": true
   },
   "cssSelectorsEnabled": true,
   "javascriptEnabled": true,
   "nativeEvents": false,
   "platform": "ANY",
   "rotatable": false,
   "takesScreenshot": false,
   "version": ""
}

[0.213][INFO]:      Using named testing interface
[0.957][INFO]:      Connected to Chrome successfully. Version: 25.0.1364.99
[1.019][FINE]:      Command received (/session/989bd54fef002f3c9c481b1b3806e1d1)
[1.019][FINE]:      Command finished (/session/989bd54fef002f3c9c481b1b3806e1d1) with response {
   "sessionId": "989bd54fef002f3c9c481b1b3806e1d1",
   "status": 0,
   "value": {
      "acceptSslCerts": false,
      "applicationCacheEnabled": false,
      "browserConnectionEnabled": false,
      "browserName": "chrome",
      "chrome.chromedriverVersion": "26.0.1383.0",
      "cssSelectorsEnabled": true,
      "databaseEnabled": false,
      "handlesAlerts": true,
      "javascriptEnabled": true,
      "locationContextEnabled": false,
      "nativeEvents": true,
      "platform": "mac",
      "rotatable": false,
      "takesScreenshot": true,
      "version": "25.0.1364.99",
      "webStorageEnabled": true
   }
}

[1.023][FINE]:      Command received (/session/989bd54fef002f3c9c481b1b3806e1d1/window/current/maximize) with params {

}

[1.023][FINER]:     Waiting for all views to stop loading...
[1.024][FINER]:     Done waiting for all views to stop loading
[1.135][FINER]:     Waiting for all views to stop loading...
[1.139][FINER]:     Done waiting for all views to stop loading
[1.139][FINE]:      Command finished (/session/989bd54fef002f3c9c481b1b3806e1d1/window/current/maximize) with response {
   "sessionId": "989bd54fef002f3c9c481b1b3806e1d1",
   "status": 0,
   "value": {

   }
}

[1.160][FINE]:      Command received (/session/989bd54fef002f3c9c481b1b3806e1d1/cookie)
[1.160][FINER]:     Waiting for all views to stop loading...
[1.160][FINER]:     Done waiting for all views to stop loading
[1.177][FINER]:     Waiting for all views to stop loading...
[1.177][FINER]:     Done waiting for all views to stop loading
[1.177][FINE]:      Command finished (/session/989bd54fef002f3c9c481b1b3806e1d1/cookie) with response {
   "sessionId": "989bd54fef002f3c9c481b1b3806e1d1",
   "status": 0,
   "value": {

   }
}

[1.179][FINE]:      Command received (/session/989bd54fef002f3c9c481b1b3806e1d1/url) with params {
   "url": "about:blank"
}

[1.179][FINER]:     Waiting for all views to stop loading...
[1.179][FINER]:     Done waiting for all views to stop loading
[1.197][FINER]:     Waiting for all views to stop loading...
[1.246][FINER]:     Done waiting for all views to stop loading
[1.247][FINE]:      Command finished (/session/989bd54fef002f3c9c481b1b3806e1d1/url) with response {
   "sessionId": "989bd54fef002f3c9c481b1b3806e1d1",
   "status": 0,
   "value": {

   }
}

[1.248][FINE]:      Command received (/session/989bd54fef002f3c9c481b1b3806e1d1/url) with params {
   "url": "http://shopping-ecomm.demo.modcloth.com/style-gallery"
}

[1.248][FINER]:     Waiting for all views to stop loading...
[1.249][FINER]:     Done waiting for all views to stop loading
[30.309][FINER]:    Waiting for all views to stop loading...
[37.497][FINER]:    Done waiting for all views to stop loading
[37.498][FINE]:     Command finished (/session/989bd54fef002f3c9c481b1b3806e1d1/url) with response {
   "sessionId": "989bd54fef002f3c9c481b1b3806e1d1",
   "status": 0,
   "value": {

   }
}

[38.136][FINE]:     Command received (/session/989bd54fef002f3c9c481b1b3806e1d1)
[38.326][INFO]:     Chrome shutdown
